This file contains any messages produced by compilers while
running configure, to aid debugging if configure makes a mistake.

It was created by libffi configure 3.4.4, which was
generated by GNU Autoconf 2.71.  Invocation command line was

  $ /Users/dj/Projects/objc/libffi/./configure --srcdir=.. --enable-builddir=aarch64-apple-darwin --with-pic --disable-shared --disable-docs --host=aarch64-apple-darwin --prefix /Users/dj/Projects/objc/libffi/build host_alias=aarch64-apple-darwin CPPFLAGS=-I/opt/homebrew/opt/llvm/include

## --------- ##
## Platform. ##
## --------- ##

hostname = Djs-MacBook-Pro.local
uname -m = arm64
uname -r = 22.5.0
uname -s = Darwin
uname -v = Darwin Kernel Version 22.5.0: Mon Apr 24 20:53:19 PDT 2023; root:xnu-8796.121.2~5/RELEASE_ARM64_T6020

/usr/bin/uname -p = arm
/bin/uname -X     = unknown

/bin/arch              = unknown
/usr/bin/arch -k       = unknown
/usr/convex/getsysinfo = unknown
/usr/bin/hostinfo      = Mach kernel version:
	 Darwin Kernel Version 22.5.0: Mon Apr 24 20:53:19 PDT 2023; root:xnu-8796.121.2~5/RELEASE_ARM64_T6020
Kernel configured for up to 10 processors.
10 processors are physically available.
10 processors are logically available.
Processor type: arm64e (ARM64E)
Processors active: 0 1 2 3 4 5 6 7 8 9
Primary memory available: 16.00 gigabytes
Default processor set: 429 tasks, 2643 threads, 10 processors
Load average: 3.00, Mach factor: 7.00
/bin/machine           = unknown
/usr/bin/oslevel       = unknown
/bin/universe          = unknown

PATH: /opt/homebrew/bin/
PATH: /opt/homebrew/sbin/
PATH: /opt/homebrew/opt/llvm/bin/
PATH: /Users/dj/.bun/bin/
PATH: /Users/dj/Projects/etc/
PATH: /Users/dj/Developer/depot_tools/
PATH: /Users/dj/.volta/bin/
PATH: /opt/homebrew/opt/node@18/bin/
PATH: /usr/local/bin/
PATH: /Users/dj/.deno/bin/
PATH: /Users/dj/.cargo/bin/
PATH: /Users/dj/Library/Python/3.9/bin/
PATH: /opt/homebrew/bin/
PATH: /Library/Frameworks/Python.framework/Versions/2.7/bin/
PATH: /opt/homebrew/bin/
PATH: /opt/homebrew/sbin/
PATH: /usr/local/bin/
PATH: /System/Cryptexes/App/usr/bin/
PATH: /usr/bin/
PATH: /bin/
PATH: /usr/sbin/
PATH: /sbin/
PATH: /usr/local/share/dotnet/
PATH: ~/.dotnet/tools/
PATH: /Library/Apple/usr/bin/
PATH: /var/run/com.apple.security.cryptexd/codex.system/bootstrap/usr/local/bin/
PATH: /var/run/com.apple.security.cryptexd/codex.system/bootstrap/usr/bin/
PATH: /var/run/com.apple.security.cryptexd/codex.system/bootstrap/usr/appleinternal/bin/
PATH: /opt/homebrew/bin/
PATH: /opt/homebrew/sbin/
PATH: /opt/homebrew/opt/llvm/bin/
PATH: /Users/dj/.bun/bin/
PATH: /Users/dj/Projects/etc/
PATH: /Users/dj/Developer/depot_tools/
PATH: /Users/dj/.volta/bin/
PATH: /opt/homebrew/opt/node@18/bin/
PATH: /Users/dj/.deno/bin/
PATH: /Users/dj/.cargo/bin/
PATH: /Users/dj/Library/Python/3.9/bin/
PATH: /Library/Frameworks/Python.framework/Versions/2.7/bin/


## ----------- ##
## Core tests. ##
## ----------- ##

configure:3073: looking for aux files: ltmain.sh compile missing install-sh config.guess config.sub
configure:3086:  trying ../
configure:3115:   ../ltmain.sh found
configure:3115:   ../compile found
configure:3115:   ../missing found
configure:3097:   ../install-sh found
configure:3115:   ../config.guess found
configure:3115:   ../config.sub found
configure:3236: checking build system type
configure:3251: result: aarch64-apple-darwin22.5.0
configure:3271: checking host system type
configure:3285: result: aarch64-apple-darwin
configure:3305: checking target system type
configure:3319: result: aarch64-apple-darwin
configure:3417: checking for gsed
configure:3453: result: sed
configure:3482: checking for a BSD-compatible install
configure:3555: result: /usr/bin/install -c
configure:3566: checking whether build environment is sane
configure:3621: result: yes
configure:3673: checking for aarch64-apple-darwin-strip
configure:3708: result: no
configure:3718: checking for strip
configure:3739: found /usr/bin/strip
configure:3750: result: strip
configure:3776: checking for a race-free mkdir -p
configure:3820: result: ../install-sh -c -d
configure:3827: checking for gawk
configure:3862: result: no
configure:3827: checking for mawk
configure:3862: result: no
configure:3827: checking for nawk
configure:3862: result: no
configure:3827: checking for awk
configure:3848: found /usr/bin/awk
configure:3859: result: awk
configure:3870: checking whether make sets $(MAKE)
configure:3893: result: yes
configure:3923: checking whether make supports nested variables
configure:3941: result: yes
configure:4105: checking for aarch64-apple-darwin-gcc
configure:4137: result: clang
configure:4535: checking for C compiler version
configure:4544: clang --version >&5
Homebrew clang version 16.0.4
Target: arm64-apple-darwin22.5.0
Thread model: posix
InstalledDir: /opt/homebrew/opt/llvm/bin
configure:4555: $? = 0
configure:4544: clang -v >&5
Homebrew clang version 16.0.4
Target: arm64-apple-darwin22.5.0
Thread model: posix
InstalledDir: /opt/homebrew/opt/llvm/bin
configure:4555: $? = 0
configure:4544: clang -V >&5
clang-16: error: argument to '-V' is missing (expected 1 value)
clang-16: error: no input files
configure:4555: $? = 1
configure:4544: clang -qversion >&5
clang-16: error: unknown argument '-qversion'; did you mean '--version'?
clang-16: error: no input files
configure:4555: $? = 1
configure:4544: clang -version >&5
clang-16: error: unknown argument '-version'; did you mean '--version'?
clang-16: error: no input files
configure:4555: $? = 1
configure:4575: checking whether the C compiler works
configure:4597: clang -w -I/opt/homebrew/opt/llvm/include -L/opt/homebrew/opt/llvm/lib conftest.c  >&5
configure:4601: $? = 0
configure:4651: result: yes
configure:4654: checking for C compiler default output file name
configure:4656: result: a.out
configure:4662: checking for suffix of executables
configure:4669: clang -o conftest -w -I/opt/homebrew/opt/llvm/include -L/opt/homebrew/opt/llvm/lib conftest.c  >&5
configure:4673: $? = 0
configure:4696: result: 
configure:4718: checking whether we are cross compiling
configure:4726: clang -o conftest -w -I/opt/homebrew/opt/llvm/include -L/opt/homebrew/opt/llvm/lib conftest.c  >&5
configure:4730: $? = 0
configure:4737: ./conftest
configure:4741: $? = 0
configure:4756: result: no
configure:4761: checking for suffix of object files
configure:4784: clang -c -w -I/opt/homebrew/opt/llvm/include conftest.c >&5
configure:4788: $? = 0
configure:4810: result: o
configure:4814: checking whether the compiler supports GNU C
configure:4834: clang -c -w -I/opt/homebrew/opt/llvm/include conftest.c >&5
configure:4834: $? = 0
configure:4844: result: yes
configure:4855: checking whether clang accepts -g
configure:4876: clang -c -g -I/opt/homebrew/opt/llvm/include conftest.c >&5
configure:4876: $? = 0
configure:4920: result: yes
configure:4940: checking for clang option to enable C11 features
configure:4955: clang  -c -w -I/opt/homebrew/opt/llvm/include conftest.c >&5
configure:4955: $? = 0
configure:4973: result: none needed
configure:5089: checking whether clang understands -c and -o together
configure:5112: clang -c conftest.c -o conftest2.o
configure:5115: $? = 0
configure:5112: clang -c conftest.c -o conftest2.o
configure:5115: $? = 0
configure:5127: result: yes
configure:5147: checking whether make supports the include directive
configure:5162: make -f confmf.GNU && cat confinc.out
this is the am__doit target
configure:5165: $? = 0
configure:5184: result: yes (GNU style)
configure:5210: checking dependency style of clang
configure:5322: result: gcc3
configure:5357: checking for aarch64-apple-darwin-g++
configure:5392: result: no
configure:5357: checking for aarch64-apple-darwin-c++
configure:5392: result: no
configure:5357: checking for aarch64-apple-darwin-gpp
configure:5392: result: no
configure:5357: checking for aarch64-apple-darwin-aCC
configure:5392: result: no
configure:5357: checking for aarch64-apple-darwin-CC
configure:5392: result: no
configure:5357: checking for aarch64-apple-darwin-cxx
configure:5392: result: no
configure:5357: checking for aarch64-apple-darwin-cc++
configure:5392: result: no
configure:5357: checking for aarch64-apple-darwin-cl.exe
configure:5392: result: no
configure:5357: checking for aarch64-apple-darwin-FCC
configure:5392: result: no
configure:5357: checking for aarch64-apple-darwin-KCC
configure:5392: result: no
configure:5357: checking for aarch64-apple-darwin-RCC
configure:5392: result: no
configure:5357: checking for aarch64-apple-darwin-xlC_r
configure:5392: result: no
configure:5357: checking for aarch64-apple-darwin-xlC
configure:5392: result: no
configure:5357: checking for aarch64-apple-darwin-clang++
configure:5392: result: no
configure:5406: checking for g++
configure:5427: found /usr/bin/g++
configure:5438: result: g++
configure:5465: checking for C++ compiler version
configure:5474: g++ --version >&5
Apple clang version 14.0.3 (clang-1403.0.22.14.1)
Target: arm64-apple-darwin22.5.0
Thread model: posix
InstalledDir: /Applications/Xcode.app/Contents/Developer/Toolchains/XcodeDefault.xctoolchain/usr/bin
configure:5485: $? = 0
configure:5474: g++ -v >&5
Apple clang version 14.0.3 (clang-1403.0.22.14.1)
Target: arm64-apple-darwin22.5.0
Thread model: posix
InstalledDir: /Applications/Xcode.app/Contents/Developer/Toolchains/XcodeDefault.xctoolchain/usr/bin
configure:5485: $? = 0
configure:5474: g++ -V >&5
clang: error: argument to '-V' is missing (expected 1 value)
clang: error: no input files
configure:5485: $? = 1
configure:5474: g++ -qversion >&5
clang: error: unknown argument '-qversion'; did you mean '--version'?
clang: error: no input files
configure:5485: $? = 1
configure:5489: checking whether the compiler supports GNU C++
configure:5509: g++ -c  -I/opt/homebrew/opt/llvm/include conftest.cpp >&5
configure:5509: $? = 0
configure:5519: result: yes
configure:5530: checking whether g++ accepts -g
configure:5551: g++ -c -g -I/opt/homebrew/opt/llvm/include conftest.cpp >&5
configure:5551: $? = 0
configure:5595: result: yes
configure:5615: checking for g++ option to enable C++11 features
configure:5630: g++  -c -g -O2 -I/opt/homebrew/opt/llvm/include conftest.cpp >&5
conftest.cpp:57:3: error: "Compiler does not advertise C++11 conformance"
# error "Compiler does not advertise C++11 conformance"
  ^
conftest.cpp:62:3: error: unknown type name 'constexpr'
  constexpr int get_val() { return 20; }
  ^
conftest.cpp:74:17: error: delegating constructors are permitted only in C++11
    delegate(): delegate(2354) {}
                ^~~~~~~~
conftest.cpp:85:26: warning: 'override' keyword is a C++11 extension [-Wc++11-extensions]
    virtual int getval() override final { return this->n * 2; }
                         ^
conftest.cpp:85:35: warning: 'final' keyword is a C++11 extension [-Wc++11-extensions]
    virtual int getval() override final { return this->n * 2; }
                                  ^
conftest.cpp:92:16: warning: defaulted function definitions are a C++11 extension [-Wc++11-extensions]
    nocopy() = default;
               ^
conftest.cpp:93:29: warning: deleted function definitions are a C++11 extension [-Wc++11-extensions]
    nocopy(const nocopy&) = delete;
                            ^
conftest.cpp:94:41: warning: deleted function definitions are a C++11 extension [-Wc++11-extensions]
    nocopy & operator=(const nocopy&) = delete;
                                        ^
conftest.cpp:106:25: warning: 'auto' type specifier is a C++11 extension [-Wc++11-extensions]
  template <typename V> auto sum(V first) -> V
                        ^
conftest.cpp:106:25: error: 'auto' not allowed in function return type
  template <typename V> auto sum(V first) -> V
                        ^~~~
conftest.cpp:106:42: error: expected ';' at end of declaration
  template <typename V> auto sum(V first) -> V
                                         ^
                                         ;
conftest.cpp:106:43: error: cannot use arrow operator on a type
  template <typename V> auto sum(V first) -> V
                                          ^
conftest.cpp:110:33: warning: variadic templates are a C++11 extension [-Wc++11-extensions]
  template <typename V, typename... Args> auto sum(V first, Args... rest) -> V
                                ^
conftest.cpp:110:43: warning: 'auto' type specifier is a C++11 extension [-Wc++11-extensions]
  template <typename V, typename... Args> auto sum(V first, Args... rest) -> V
                                          ^
conftest.cpp:110:43: error: 'auto' not allowed in function return type
  template <typename V, typename... Args> auto sum(V first, Args... rest) -> V
                                          ^~~~
conftest.cpp:110:74: error: expected ';' at end of declaration
  template <typename V, typename... Args> auto sum(V first, Args... rest) -> V
                                                                         ^
                                                                         ;
conftest.cpp:110:75: error: cannot use arrow operator on a type
  template <typename V, typename... Args> auto sum(V first, Args... rest) -> V
                                                                          ^
conftest.cpp:134:3: warning: 'auto' type specifier is a C++11 extension [-Wc++11-extensions]
  auto a1 = 6538;
  ^
conftest.cpp:135:3: warning: 'auto' type specifier is a C++11 extension [-Wc++11-extensions]
  auto a2 = 48573953.4;
  ^
conftest.cpp:136:3: warning: 'auto' type specifier is a C++11 extension [-Wc++11-extensions]
  auto a3 = "String literal";
  ^
conftest.cpp:139:8: warning: 'auto' type specifier is a C++11 extension [-Wc++11-extensions]
  for (auto i = a3; *i; ++i) { total += *i; }
       ^
conftest.cpp:155:8: warning: 'auto' type specifier is a C++11 extension [-Wc++11-extensions]
  for (auto &x : array) { x += 23; }
       ^
conftest.cpp:155:16: warning: range-based for loop is a C++11 extension [-Wc++11-extensions]
  for (auto &x : array) { x += 23; }
               ^
conftest.cpp:160:17: error: expected expression
  assert (eval ([](int x) { return x*2; }, 21) == 42);
                ^
conftest.cpp:162:17: error: expected expression
  assert (eval ([&](double x) { return d += x; }, 3.0) == 5.0);
                ^
conftest.cpp:164:17: error: expected expression
  assert (eval ([=](double x) mutable { return d += x; }, 4.0) == 9.0);
                ^
conftest.cpp:170:3: warning: 'auto' type specifier is a C++11 extension [-Wc++11-extensions]
  auto a = sum(1);
  ^
conftest.cpp:170:12: error: no matching function for call to 'sum'
  auto a = sum(1);
           ^~~
conftest.cpp:171:3: warning: 'auto' type specifier is a C++11 extension [-Wc++11-extensions]
  auto b = sum(1, 2);
  ^
conftest.cpp:171:12: error: no matching function for call to 'sum'
  auto b = sum(1, 2);
           ^~~
conftest.cpp:172:3: warning: 'auto' type specifier is a C++11 extension [-Wc++11-extensions]
  auto c = sum(1.0, 2.0, 3.0);
  ^
conftest.cpp:172:12: error: no matching function for call to 'sum'
  auto c = sum(1.0, 2.0, 3.0);
           ^~~
conftest.cpp:177:25: warning: empty parentheses interpreted as a function declaration [-Wvexing-parse]
  cxx11test::delegate d2();
                        ^~
conftest.cpp:177:25: note: remove parentheses to declare a variable
  cxx11test::delegate d2();
                        ^~
conftest.cpp:190:16: error: found '<::' after a template name which forms the digraph '<:' (aka '[') and a ':', did you mean '< ::'?
  test_template<::test_template<int>> v(test_template<int>(12));
               ^~~
               < ::
conftest.cpp:190:36: error: a space is required between consecutive right angle brackets (use '> >')
  test_template<::test_template<int>> v(test_template<int>(12));
                                   ^~
                                   > >
conftest.cpp:194:22: error: use of undeclared identifier 'u8'
  char const *utf8 = u8"UTF-8 string \u2500";
                     ^
conftest.cpp:194:24: error: expected ';' at end of declaration
  char const *utf8 = u8"UTF-8 string \u2500";
                       ^
                       ;
fatal error: too many errors emitted, stopping now [-ferror-limit=]
18 warnings and 20 errors generated.
configure:5630: $? = 1
configure: failed program was:
| /* confdefs.h */
| #define PACKAGE_NAME "libffi"
| #define PACKAGE_TARNAME "libffi"
| #define PACKAGE_VERSION "3.4.4"
| #define PACKAGE_STRING "libffi 3.4.4"
| #define PACKAGE_BUGREPORT "http://github.com/libffi/libffi/issues"
| #define PACKAGE_URL ""
| #define PACKAGE "libffi"
| #define VERSION "3.4.4"
| /* end confdefs.h.  */
| 
| // Does the compiler advertise C++98 conformance?
| #if !defined __cplusplus || __cplusplus < 199711L
| # error "Compiler does not advertise C++98 conformance"
| #endif
| 
| // These inclusions are to reject old compilers that
| // lack the unsuffixed header files.
| #include <cstdlib>
| #include <exception>
| 
| // <cassert> and <cstring> are *not* freestanding headers in C++98.
| extern void assert (int);
| namespace std {
|   extern int strcmp (const char *, const char *);
| }
| 
| // Namespaces, exceptions, and templates were all added after "C++ 2.0".
| using std::exception;
| using std::strcmp;
| 
| namespace {
| 
| void test_exception_syntax()
| {
|   try {
|     throw "test";
|   } catch (const char *s) {
|     // Extra parentheses suppress a warning when building autoconf itself,
|     // due to lint rules shared with more typical C programs.
|     assert (!(strcmp) (s, "test"));
|   }
| }
| 
| template <typename T> struct test_template
| {
|   T const val;
|   explicit test_template(T t) : val(t) {}
|   template <typename U> T add(U u) { return static_cast<T>(u) + val; }
| };
| 
| } // anonymous namespace
| 
| 
| // Does the compiler advertise C++ 2011 conformance?
| #if !defined __cplusplus || __cplusplus < 201103L
| # error "Compiler does not advertise C++11 conformance"
| #endif
| 
| namespace cxx11test
| {
|   constexpr int get_val() { return 20; }
| 
|   struct testinit
|   {
|     int i;
|     double d;
|   };
| 
|   class delegate
|   {
|   public:
|     delegate(int n) : n(n) {}
|     delegate(): delegate(2354) {}
| 
|     virtual int getval() { return this->n; };
|   protected:
|     int n;
|   };
| 
|   class overridden : public delegate
|   {
|   public:
|     overridden(int n): delegate(n) {}
|     virtual int getval() override final { return this->n * 2; }
|   };
| 
|   class nocopy
|   {
|   public:
|     nocopy(int i): i(i) {}
|     nocopy() = default;
|     nocopy(const nocopy&) = delete;
|     nocopy & operator=(const nocopy&) = delete;
|   private:
|     int i;
|   };
| 
|   // for testing lambda expressions
|   template <typename Ret, typename Fn> Ret eval(Fn f, Ret v)
|   {
|     return f(v);
|   }
| 
|   // for testing variadic templates and trailing return types
|   template <typename V> auto sum(V first) -> V
|   {
|     return first;
|   }
|   template <typename V, typename... Args> auto sum(V first, Args... rest) -> V
|   {
|     return first + sum(rest...);
|   }
| }
| 
| 
| int
| main (int argc, char **argv)
| {
|   int ok = 0;
|   
|   assert (argc);
|   assert (! argv[0]);
| {
|   test_exception_syntax ();
|   test_template<double> tt (2.0);
|   assert (tt.add (4) == 6.0);
|   assert (true && !false);
| }
| 
|   
| {
|   // Test auto and decltype
|   auto a1 = 6538;
|   auto a2 = 48573953.4;
|   auto a3 = "String literal";
| 
|   int total = 0;
|   for (auto i = a3; *i; ++i) { total += *i; }
| 
|   decltype(a2) a4 = 34895.034;
| }
| {
|   // Test constexpr
|   short sa[cxx11test::get_val()] = { 0 };
| }
| {
|   // Test initializer lists
|   cxx11test::testinit il = { 4323, 435234.23544 };
| }
| {
|   // Test range-based for
|   int array[] = {9, 7, 13, 15, 4, 18, 12, 10, 5, 3,
|                  14, 19, 17, 8, 6, 20, 16, 2, 11, 1};
|   for (auto &x : array) { x += 23; }
| }
| {
|   // Test lambda expressions
|   using cxx11test::eval;
|   assert (eval ([](int x) { return x*2; }, 21) == 42);
|   double d = 2.0;
|   assert (eval ([&](double x) { return d += x; }, 3.0) == 5.0);
|   assert (d == 5.0);
|   assert (eval ([=](double x) mutable { return d += x; }, 4.0) == 9.0);
|   assert (d == 5.0);
| }
| {
|   // Test use of variadic templates
|   using cxx11test::sum;
|   auto a = sum(1);
|   auto b = sum(1, 2);
|   auto c = sum(1.0, 2.0, 3.0);
| }
| {
|   // Test constructor delegation
|   cxx11test::delegate d1;
|   cxx11test::delegate d2();
|   cxx11test::delegate d3(45);
| }
| {
|   // Test override and final
|   cxx11test::overridden o1(55464);
| }
| {
|   // Test nullptr
|   char *c = nullptr;
| }
| {
|   // Test template brackets
|   test_template<::test_template<int>> v(test_template<int>(12));
| }
| {
|   // Unicode literals
|   char const *utf8 = u8"UTF-8 string \u2500";
|   char16_t const *utf16 = u"UTF-8 string \u2500";
|   char32_t const *utf32 = U"UTF-32 string \u2500";
| }
| 
|   return ok;
| }
| 
configure:5648: result: none needed
configure:5714: checking dependency style of g++
configure:5826: result: gcc3
configure:5856: checking dependency style of clang
configure:5966: result: gcc3
configure:5982: checking for grep that handles long lines and -e
configure:6046: result: /usr/bin/grep
configure:6051: checking for egrep
configure:6119: result: /usr/bin/grep -E
configure:6171: checking how to print strings
configure:6198: result: printf
configure:6219: checking for a sed that does not truncate output
configure:6289: result: /usr/bin/sed
configure:6307: checking for fgrep
configure:6375: result: /usr/bin/grep -F
configure:6411: checking for ld used by clang
configure:6479: result: /usr/bin/ld
configure:6486: checking if the linker (/usr/bin/ld) is GNU ld
configure:6502: result: no
configure:6514: checking for BSD- or MS-compatible name lister (nm)
configure:6569: result: no
configure:6583: checking for aarch64-apple-darwin-dumpbin
configure:6618: result: no
configure:6583: checking for aarch64-apple-darwin-link
configure:6618: result: no
configure:6632: checking for dumpbin
configure:6667: result: no
configure:6632: checking for link
configure:6653: found /bin/link
configure:6664: result: link -dump
configure:6709: checking the name lister (nm) interface
configure:6717: clang -c -w -I/opt/homebrew/opt/llvm/include conftest.c >&5
configure:6720: nm "conftest.o"
configure:6723: output
0000000000000000 S _some_variable
0000000000000000 t ltmp0
0000000000000000 s ltmp1
configure:6730: result: BSD nm
configure:6733: checking whether ln -s works
configure:6737: result: yes
configure:6745: checking the maximum length of command line arguments
configure:6877: result: 786432
configure:6925: checking how to convert aarch64-apple-darwin22.5.0 file names to aarch64-apple-darwin format
configure:6966: result: func_convert_file_noop
configure:6973: checking how to convert aarch64-apple-darwin22.5.0 file names to toolchain format
configure:6994: result: func_convert_file_noop
configure:7001: checking for /usr/bin/ld option to reload object files
configure:7009: result: -r
configure:7043: checking for aarch64-apple-darwin-file
configure:7078: result: no
configure:7088: checking for file
configure:7109: found /usr/bin/file
configure:7120: result: file
configure:7151: checking for aarch64-apple-darwin-objdump
configure:7186: result: no
configure:7196: checking for objdump
configure:7217: found /usr/bin/objdump
configure:7228: result: objdump
configure:7260: checking how to recognize dependent libraries
configure:7461: result: pass_all
configure:7506: checking for aarch64-apple-darwin-dlltool
configure:7541: result: no
configure:7551: checking for dlltool
configure:7586: result: no
configure:7616: checking how to associate runtime and link libraries
configure:7644: result: printf %s\n
configure:7661: checking for aarch64-apple-darwin-ar
configure:7696: result: no
configure:7710: checking for ar
configure:7731: found /usr/bin/ar
configure:7742: result: ar
configure:7795: checking for archiver @FILE support
configure:7813: clang -c -w -I/opt/homebrew/opt/llvm/include conftest.c >&5
configure:7813: $? = 0
configure:7817: ar cr libconftest.a @conftest.lst >&5
ar: @conftest.lst: No such file or directory
configure:7820: $? = 1
configure:7840: result: no
configure:7858: checking for aarch64-apple-darwin-strip
configure:7890: result: strip
configure:7967: checking for aarch64-apple-darwin-ranlib
configure:8002: result: no
configure:8012: checking for ranlib
configure:8033: found /usr/bin/ranlib
configure:8044: result: ranlib
configure:8146: checking command to parse nm output from clang object
configure:8300: clang -c -w -I/opt/homebrew/opt/llvm/include conftest.c >&5
configure:8303: $? = 0
configure:8307: nm conftest.o \| /usr/bin/sed -n -e 's/^.*[ ]\([ABCDGIRSTW][ABCDGIRSTW]*\)[ ][ ]*\([_A-Za-z][_A-Za-z0-9]*\)$/\1 \2 \2/p' | /usr/bin/sed '/ __gnu_lto/d' \> conftest.nm
configure:8310: $? = 0
cannot find nm_test_var in conftest.nm
configure:8300: clang -c -w -I/opt/homebrew/opt/llvm/include conftest.c >&5
configure:8303: $? = 0
configure:8307: nm conftest.o \| /usr/bin/sed -n -e 's/^.*[ ]\([ABCDGIRSTW][ABCDGIRSTW]*\)[ ][ ]*_\([_A-Za-z][_A-Za-z0-9]*\)$/\1 _\2 \2/p' | /usr/bin/sed '/ __gnu_lto/d' \> conftest.nm
configure:8310: $? = 0
configure:8376: clang -o conftest -w -I/opt/homebrew/opt/llvm/include -L/opt/homebrew/opt/llvm/lib conftest.c conftstm.o >&5
configure:8379: $? = 0
configure:8417: result: ok
configure:8464: checking for sysroot
configure:8495: result: no
configure:8502: checking for a working dd
configure:8546: result: /bin/dd
configure:8550: checking how to truncate binary pipes
configure:8566: result: /bin/dd bs=4096 count=1
configure:8858: checking for aarch64-apple-darwin-mt
configure:8893: result: no
configure:8903: checking for mt
configure:8938: result: no
configure:8958: checking if : is a manifest tool
configure:8965: : '-?'
configure:8973: result: no
configure:8989: checking for aarch64-apple-darwin-dsymutil
configure:9024: result: no
configure:9034: checking for dsymutil
configure:9055: found /opt/homebrew/opt/llvm/bin/dsymutil
configure:9066: result: dsymutil
configure:9091: checking for aarch64-apple-darwin-nmedit
configure:9126: result: no
configure:9136: checking for nmedit
configure:9157: found /usr/bin/nmedit
configure:9168: result: nmedit
configure:9193: checking for aarch64-apple-darwin-lipo
configure:9228: result: no
configure:9238: checking for lipo
configure:9259: found /usr/bin/lipo
configure:9270: result: lipo
configure:9295: checking for aarch64-apple-darwin-otool
configure:9330: result: no
configure:9340: checking for otool
configure:9361: found /usr/bin/otool
configure:9372: result: otool
configure:9397: checking for aarch64-apple-darwin-otool64
configure:9432: result: no
configure:9442: checking for otool64
configure:9477: result: no
configure:9522: checking for -single_module linker flag
clang -w -L/opt/homebrew/opt/llvm/lib -o libconftest.dylib -dynamiclib -Wl,-single_module conftest.c
configure:9556: result: yes
configure:9559: checking for -exported_symbols_list linker flag
configure:9580: clang -o conftest -w -I/opt/homebrew/opt/llvm/include -L/opt/homebrew/opt/llvm/lib -Wl,-exported_symbols_list,conftest.sym conftest.c  >&5
configure:9580: $? = 0
configure:9591: result: yes
configure:9594: checking for -force_load linker flag
clang -w -c -o conftest.o conftest.c
ar cr libconftest.a conftest.o
ranlib libconftest.a
clang -w -L/opt/homebrew/opt/llvm/lib -o conftest conftest.c -Wl,-force_load,./libconftest.a
configure:9627: result: yes
configure:9698: checking for stdio.h
configure:9698: clang -c -w -I/opt/homebrew/opt/llvm/include conftest.c >&5
configure:9698: $? = 0
configure:9698: result: yes
configure:9698: checking for stdlib.h
configure:9698: clang -c -w -I/opt/homebrew/opt/llvm/include conftest.c >&5
configure:9698: $? = 0
configure:9698: result: yes
configure:9698: checking for string.h
configure:9698: clang -c -w -I/opt/homebrew/opt/llvm/include conftest.c >&5
configure:9698: $? = 0
configure:9698: result: yes
configure:9698: checking for inttypes.h
configure:9698: clang -c -w -I/opt/homebrew/opt/llvm/include conftest.c >&5
configure:9698: $? = 0
configure:9698: result: yes
configure:9698: checking for stdint.h
configure:9698: clang -c -w -I/opt/homebrew/opt/llvm/include conftest.c >&5
configure:9698: $? = 0
configure:9698: result: yes
configure:9698: checking for strings.h
configure:9698: clang -c -w -I/opt/homebrew/opt/llvm/include conftest.c >&5
configure:9698: $? = 0
configure:9698: result: yes
configure:9698: checking for sys/stat.h
configure:9698: clang -c -w -I/opt/homebrew/opt/llvm/include conftest.c >&5
configure:9698: $? = 0
configure:9698: result: yes
configure:9698: checking for sys/types.h
configure:9698: clang -c -w -I/opt/homebrew/opt/llvm/include conftest.c >&5
configure:9698: $? = 0
configure:9698: result: yes
configure:9698: checking for unistd.h
configure:9698: clang -c -w -I/opt/homebrew/opt/llvm/include conftest.c >&5
configure:9698: $? = 0
configure:9698: result: yes
configure:9723: checking for dlfcn.h
configure:9723: clang -c -w -I/opt/homebrew/opt/llvm/include conftest.c >&5
configure:9723: $? = 0
configure:9723: result: yes
configure:9993: checking for objdir
configure:10009: result: .libs
configure:10273: checking if clang supports -fno-rtti -fno-exceptions
configure:10292: clang -c -w -I/opt/homebrew/opt/llvm/include -fno-rtti -fno-exceptions conftest.c >&5
configure:10296: $? = 0
configure:10309: result: yes
configure:10667: checking for clang option to produce PIC
configure:10675: result: -fno-common -DPIC
configure:10683: checking if clang PIC flag -fno-common -DPIC works
configure:10702: clang -c -w -I/opt/homebrew/opt/llvm/include -fno-common -DPIC -DPIC conftest.c >&5
configure:10706: $? = 0
configure:10719: result: yes
configure:10748: checking if clang static flag -static works
configure:10777: result: no
configure:10792: checking if clang supports -c -o file.o
configure:10814: clang -c -w -I/opt/homebrew/opt/llvm/include -o out/conftest2.o conftest.c >&5
configure:10818: $? = 0
configure:10840: result: yes
configure:10848: checking if clang supports -c -o file.o
configure:10896: result: yes
configure:10929: checking whether the clang linker (/usr/bin/ld) supports shared libraries
configure:12197: result: yes
configure:12438: checking dynamic linker characteristics
configure:13262: result: darwin dyld
configure:13384: checking how to hardcode library paths into programs
configure:13409: result: immediate
configure:13961: checking whether stripping libraries is possible
configure:13978: result: yes
configure:14012: checking if libtool supports shared libraries
configure:14014: result: yes
configure:14017: checking whether to build shared libraries
configure:14042: result: no
configure:14045: checking whether to build static libraries
configure:14049: result: yes
configure:14072: checking how to run the C++ preprocessor
configure:14094: g++ -E -I/opt/homebrew/opt/llvm/include conftest.cpp
configure:14094: $? = 0
configure:14109: g++ -E -I/opt/homebrew/opt/llvm/include conftest.cpp
conftest.cpp:23:10: fatal error: 'ac_nonexistent.h' file not found
#include <ac_nonexistent.h>
         ^~~~~~~~~~~~~~~~~~
1 error generated.
configure:14109: $? = 1
configure: failed program was:
| /* confdefs.h */
| #define PACKAGE_NAME "libffi"
| #define PACKAGE_TARNAME "libffi"
| #define PACKAGE_VERSION "3.4.4"
| #define PACKAGE_STRING "libffi 3.4.4"
| #define PACKAGE_BUGREPORT "http://github.com/libffi/libffi/issues"
| #define PACKAGE_URL ""
| #define PACKAGE "libffi"
| #define VERSION "3.4.4"
| #define HAVE_STDIO_H 1
| #define HAVE_STDLIB_H 1
| #define HAVE_STRING_H 1
| #define HAVE_INTTYPES_H 1
| #define HAVE_STDINT_H 1
| #define HAVE_STRINGS_H 1
| #define HAVE_SYS_STAT_H 1
| #define HAVE_SYS_TYPES_H 1
| #define HAVE_UNISTD_H 1
| #define STDC_HEADERS 1
| #define HAVE_DLFCN_H 1
| #define LT_OBJDIR ".libs/"
| /* end confdefs.h.  */
| #include <ac_nonexistent.h>
configure:14136: result: g++ -E
configure:14150: g++ -E -I/opt/homebrew/opt/llvm/include conftest.cpp
configure:14150: $? = 0
configure:14165: g++ -E -I/opt/homebrew/opt/llvm/include conftest.cpp
conftest.cpp:23:10: fatal error: 'ac_nonexistent.h' file not found
#include <ac_nonexistent.h>
         ^~~~~~~~~~~~~~~~~~
1 error generated.
configure:14165: $? = 1
configure: failed program was:
| /* confdefs.h */
| #define PACKAGE_NAME "libffi"
| #define PACKAGE_TARNAME "libffi"
| #define PACKAGE_VERSION "3.4.4"
| #define PACKAGE_STRING "libffi 3.4.4"
| #define PACKAGE_BUGREPORT "http://github.com/libffi/libffi/issues"
| #define PACKAGE_URL ""
| #define PACKAGE "libffi"
| #define VERSION "3.4.4"
| #define HAVE_STDIO_H 1
| #define HAVE_STDLIB_H 1
| #define HAVE_STRING_H 1
| #define HAVE_INTTYPES_H 1
| #define HAVE_STDINT_H 1
| #define HAVE_STRINGS_H 1
| #define HAVE_SYS_STAT_H 1
| #define HAVE_SYS_TYPES_H 1
| #define HAVE_UNISTD_H 1
| #define STDC_HEADERS 1
| #define HAVE_DLFCN_H 1
| #define LT_OBJDIR ".libs/"
| /* end confdefs.h.  */
| #include <ac_nonexistent.h>
configure:14330: checking for ld used by g++
configure:14398: result: /usr/bin/ld
configure:14405: checking if the linker (/usr/bin/ld) is GNU ld
configure:14421: result: no
configure:14476: checking whether the g++ linker (/usr/bin/ld) supports shared libraries
configure:15554: result: yes
configure:15590: g++ -c -g -O2 -I/opt/homebrew/opt/llvm/include conftest.cpp >&5
configure:15593: $? = 0
configure:16074: checking for g++ option to produce PIC
configure:16082: result: -fno-common -DPIC
configure:16090: checking if g++ PIC flag -fno-common -DPIC works
configure:16109: g++ -c -g -O2 -I/opt/homebrew/opt/llvm/include -fno-common -DPIC -DPIC conftest.cpp >&5
configure:16113: $? = 0
configure:16126: result: yes
configure:16149: checking if g++ static flag -static works
configure:16178: result: no
configure:16190: checking if g++ supports -c -o file.o
configure:16212: g++ -c -g -O2 -I/opt/homebrew/opt/llvm/include -o out/conftest2.o conftest.cpp >&5
configure:16216: $? = 0
configure:16238: result: yes
configure:16243: checking if g++ supports -c -o file.o
configure:16291: result: yes
configure:16321: checking whether the g++ linker (/usr/bin/ld) supports shared libraries
configure:16361: result: yes
configure:16503: checking dynamic linker characteristics
configure:17254: result: darwin dyld
configure:17319: checking how to hardcode library paths into programs
configure:17344: result: immediate
configure:17410: checking for aarch64-apple-darwin-readelf
configure:17445: result: no
configure:17455: checking for readelf
configure:17490: result: no
configure:17515: checking size of size_t
configure:17521: clang -o conftest -w -I/opt/homebrew/opt/llvm/include -L/opt/homebrew/opt/llvm/lib conftest.c  >&5
configure:17521: $? = 0
configure:17521: ./conftest
configure:17521: $? = 0
configure:17536: result: 8
configure:17545: checking for C compiler vendor
configure:17604: clang -c -w -I/opt/homebrew/opt/llvm/include conftest.c >&5
conftest.c:30:7: error: use of undeclared identifier 'thisisanerror'
      thisisanerror;
      ^
1 error generated.
configure:17604: $? = 1
configure: failed program was:
| /* confdefs.h */
| #define PACKAGE_NAME "libffi"
| #define PACKAGE_TARNAME "libffi"
| #define PACKAGE_VERSION "3.4.4"
| #define PACKAGE_STRING "libffi 3.4.4"
| #define PACKAGE_BUGREPORT "http://github.com/libffi/libffi/issues"
| #define PACKAGE_URL ""
| #define PACKAGE "libffi"
| #define VERSION "3.4.4"
| #define HAVE_STDIO_H 1
| #define HAVE_STDLIB_H 1
| #define HAVE_STRING_H 1
| #define HAVE_INTTYPES_H 1
| #define HAVE_STDINT_H 1
| #define HAVE_STRINGS_H 1
| #define HAVE_SYS_STAT_H 1
| #define HAVE_SYS_TYPES_H 1
| #define HAVE_UNISTD_H 1
| #define STDC_HEADERS 1
| #define HAVE_DLFCN_H 1
| #define LT_OBJDIR ".libs/"
| #define SIZEOF_SIZE_T 8
| /* end confdefs.h.  */
| 
| int
| main (void)
| {
| 
| #if !(defined(__ICC) || defined(__ECC) || defined(__INTEL_COMPILER))
|       thisisanerror;
| #endif
| 
|   ;
|   return 0;
| }
configure:17604: clang -c -w -I/opt/homebrew/opt/llvm/include conftest.c >&5
conftest.c:30:7: error: use of undeclared identifier 'thisisanerror'
      thisisanerror;
      ^
1 error generated.
configure:17604: $? = 1
configure: failed program was:
| /* confdefs.h */
| #define PACKAGE_NAME "libffi"
| #define PACKAGE_TARNAME "libffi"
| #define PACKAGE_VERSION "3.4.4"
| #define PACKAGE_STRING "libffi 3.4.4"
| #define PACKAGE_BUGREPORT "http://github.com/libffi/libffi/issues"
| #define PACKAGE_URL ""
| #define PACKAGE "libffi"
| #define VERSION "3.4.4"
| #define HAVE_STDIO_H 1
| #define HAVE_STDLIB_H 1
| #define HAVE_STRING_H 1
| #define HAVE_INTTYPES_H 1
| #define HAVE_STDINT_H 1
| #define HAVE_STRINGS_H 1
| #define HAVE_SYS_STAT_H 1
| #define HAVE_SYS_TYPES_H 1
| #define HAVE_UNISTD_H 1
| #define STDC_HEADERS 1
| #define HAVE_DLFCN_H 1
| #define LT_OBJDIR ".libs/"
| #define SIZEOF_SIZE_T 8
| /* end confdefs.h.  */
| 
| int
| main (void)
| {
| 
| #if !(defined(__xlc__) || defined(__xlC__) || defined(__IBMC__) || defined(__IBMCPP__) || defined(__ibmxl__))
|       thisisanerror;
| #endif
| 
|   ;
|   return 0;
| }
configure:17604: clang -c -w -I/opt/homebrew/opt/llvm/include conftest.c >&5
conftest.c:30:7: error: use of undeclared identifier 'thisisanerror'
      thisisanerror;
      ^
1 error generated.
configure:17604: $? = 1
configure: failed program was:
| /* confdefs.h */
| #define PACKAGE_NAME "libffi"
| #define PACKAGE_TARNAME "libffi"
| #define PACKAGE_VERSION "3.4.4"
| #define PACKAGE_STRING "libffi 3.4.4"
| #define PACKAGE_BUGREPORT "http://github.com/libffi/libffi/issues"
| #define PACKAGE_URL ""
| #define PACKAGE "libffi"
| #define VERSION "3.4.4"
| #define HAVE_STDIO_H 1
| #define HAVE_STDLIB_H 1
| #define HAVE_STRING_H 1
| #define HAVE_INTTYPES_H 1
| #define HAVE_STDINT_H 1
| #define HAVE_STRINGS_H 1
| #define HAVE_SYS_STAT_H 1
| #define HAVE_SYS_TYPES_H 1
| #define HAVE_UNISTD_H 1
| #define STDC_HEADERS 1
| #define HAVE_DLFCN_H 1
| #define LT_OBJDIR ".libs/"
| #define SIZEOF_SIZE_T 8
| /* end confdefs.h.  */
| 
| int
| main (void)
| {
| 
| #if !(defined(__PATHCC__) || defined(__PATHSCALE__))
|       thisisanerror;
| #endif
| 
|   ;
|   return 0;
| }
configure:17604: clang -c -w -I/opt/homebrew/opt/llvm/include conftest.c >&5
configure:17604: $? = 0
configure:17614: result: clang
configure:18505: checking CFLAGS for most reasonable warnings
configure:18592: : CFLAGS="$CFLAGS"
configure:18595: $? = 0
configure:18618: result: -Wall
configure:18641: checking whether to enable maintainer-specific portions of Makefiles
configure:18651: result: no
configure:18665: checking for sys/memfd.h
configure:18665: clang -c -Wall -w -fexceptions -I/opt/homebrew/opt/llvm/include conftest.c >&5
conftest.c:52:10: fatal error: 'sys/memfd.h' file not found
#include <sys/memfd.h>
         ^~~~~~~~~~~~~
1 error generated.
configure:18665: $? = 1
configure: failed program was:
| /* confdefs.h */
| #define PACKAGE_NAME "libffi"
| #define PACKAGE_TARNAME "libffi"
| #define PACKAGE_VERSION "3.4.4"
| #define PACKAGE_STRING "libffi 3.4.4"
| #define PACKAGE_BUGREPORT "http://github.com/libffi/libffi/issues"
| #define PACKAGE_URL ""
| #define PACKAGE "libffi"
| #define VERSION "3.4.4"
| #define HAVE_STDIO_H 1
| #define HAVE_STDLIB_H 1
| #define HAVE_STRING_H 1
| #define HAVE_INTTYPES_H 1
| #define HAVE_STDINT_H 1
| #define HAVE_STRINGS_H 1
| #define HAVE_SYS_STAT_H 1
| #define HAVE_SYS_TYPES_H 1
| #define HAVE_UNISTD_H 1
| #define STDC_HEADERS 1
| #define HAVE_DLFCN_H 1
| #define LT_OBJDIR ".libs/"
| #define SIZEOF_SIZE_T 8
| /* end confdefs.h.  */
| #include <stddef.h>
| #ifdef HAVE_STDIO_H
| # include <stdio.h>
| #endif
| #ifdef HAVE_STDLIB_H
| # include <stdlib.h>
| #endif
| #ifdef HAVE_STRING_H
| # include <string.h>
| #endif
| #ifdef HAVE_INTTYPES_H
| # include <inttypes.h>
| #endif
| #ifdef HAVE_STDINT_H
| # include <stdint.h>
| #endif
| #ifdef HAVE_STRINGS_H
| # include <strings.h>
| #endif
| #ifdef HAVE_SYS_TYPES_H
| # include <sys/types.h>
| #endif
| #ifdef HAVE_SYS_STAT_H
| # include <sys/stat.h>
| #endif
| #ifdef HAVE_UNISTD_H
| # include <unistd.h>
| #endif
| #include <sys/memfd.h>
configure:18665: result: no
configure:18672: checking for memfd_create
configure:18672: clang -o conftest -Wall -w -fexceptions -I/opt/homebrew/opt/llvm/include -L/opt/homebrew/opt/llvm/lib conftest.c  >&5
Undefined symbols for architecture arm64:
  "_memfd_create", referenced from:
      _main in conftest-8bdeed.o
ld: symbol(s) not found for architecture arm64
clang-16: error: linker command failed with exit code 1 (use -v to see invocation)
configure:18672: $? = 1
configure: failed program was:
| /* confdefs.h */
| #define PACKAGE_NAME "libffi"
| #define PACKAGE_TARNAME "libffi"
| #define PACKAGE_VERSION "3.4.4"
| #define PACKAGE_STRING "libffi 3.4.4"
| #define PACKAGE_BUGREPORT "http://github.com/libffi/libffi/issues"
| #define PACKAGE_URL ""
| #define PACKAGE "libffi"
| #define VERSION "3.4.4"
| #define HAVE_STDIO_H 1
| #define HAVE_STDLIB_H 1
| #define HAVE_STRING_H 1
| #define HAVE_INTTYPES_H 1
| #define HAVE_STDINT_H 1
| #define HAVE_STRINGS_H 1
| #define HAVE_SYS_STAT_H 1
| #define HAVE_SYS_TYPES_H 1
| #define HAVE_UNISTD_H 1
| #define STDC_HEADERS 1
| #define HAVE_DLFCN_H 1
| #define LT_OBJDIR ".libs/"
| #define SIZEOF_SIZE_T 8
| /* end confdefs.h.  */
| /* Define memfd_create to an innocuous variant, in case <limits.h> declares memfd_create.
|    For example, HP-UX 11i <limits.h> declares gettimeofday.  */
| #define memfd_create innocuous_memfd_create
| 
| /* System header to define __stub macros and hopefully few prototypes,
|    which can conflict with char memfd_create (); below.  */
| 
| #include <limits.h>
| #undef memfd_create
| 
| /* Override any GCC internal prototype to avoid an error.
|    Use char because int might match the return type of a GCC
|    builtin and then its argument prototype would still apply.  */
| #ifdef __cplusplus
| extern "C"
| #endif
| char memfd_create ();
| /* The GNU C library defines this for functions which it implements
|     to always fail with ENOSYS.  Some functions are actually named
|     something starting with __ and the normal name is an alias.  */
| #if defined __stub_memfd_create || defined __stub___memfd_create
| choke me
| #endif
| 
| int
| main (void)
| {
| return memfd_create ();
|   ;
|   return 0;
| }
configure:18672: result: no
configure:18680: checking for sys/mman.h
configure:18680: clang -c -Wall -w -fexceptions -I/opt/homebrew/opt/llvm/include conftest.c >&5
configure:18680: $? = 0
configure:18680: result: yes
configure:18687: checking for mmap
configure:18687: clang -o conftest -Wall -w -fexceptions -I/opt/homebrew/opt/llvm/include -L/opt/homebrew/opt/llvm/lib conftest.c  >&5
configure:18687: $? = 0
configure:18687: result: yes
configure:18693: checking for mkostemp
configure:18693: clang -o conftest -Wall -w -fexceptions -I/opt/homebrew/opt/llvm/include -L/opt/homebrew/opt/llvm/lib conftest.c  >&5
configure:18693: $? = 0
configure:18693: result: yes
configure:18699: checking for mkstemp
configure:18699: clang -o conftest -Wall -w -fexceptions -I/opt/homebrew/opt/llvm/include -L/opt/homebrew/opt/llvm/lib conftest.c  >&5
configure:18699: $? = 0
configure:18699: result: yes
configure:18707: checking for sys/mman.h
configure:18707: result: yes
configure:18715: checking for mmap
configure:18715: result: yes
configure:18729: checking whether read-only mmap of a plain file works
configure:18747: result: yes
configure:18749: checking whether mmap from /dev/zero works
configure:18772: result: no
configure:18776: checking for MAP_ANON(YMOUS)
configure:18800: clang -c -Wall -w -fexceptions -I/opt/homebrew/opt/llvm/include conftest.c >&5
configure:18800: $? = 0
configure:18808: result: yes
configure:18814: checking whether mmap with MAP_ANON(YMOUS) works
configure:18832: result: yes
configure:18878: checking for egrep
configure:18946: result: /usr/bin/grep -E
configure:18952: checking for memcpy
configure:18952: clang -o conftest -Wall -w -fexceptions -I/opt/homebrew/opt/llvm/include -L/opt/homebrew/opt/llvm/lib conftest.c  >&5
configure:18952: $? = 0
configure:18952: result: yes
configure:18959: checking for size_t
configure:18959: clang -c -Wall -w -fexceptions -I/opt/homebrew/opt/llvm/include conftest.c >&5
configure:18959: $? = 0
configure:18959: clang -c -Wall -w -fexceptions -I/opt/homebrew/opt/llvm/include conftest.c >&5
conftest.c:62:21: error: expected expression
if (sizeof ((size_t)))
                    ^
1 error generated.
configure:18959: $? = 1
configure: failed program was:
| /* confdefs.h */
| #define PACKAGE_NAME "libffi"
| #define PACKAGE_TARNAME "libffi"
| #define PACKAGE_VERSION "3.4.4"
| #define PACKAGE_STRING "libffi 3.4.4"
| #define PACKAGE_BUGREPORT "http://github.com/libffi/libffi/issues"
| #define PACKAGE_URL ""
| #define PACKAGE "libffi"
| #define VERSION "3.4.4"
| #define HAVE_STDIO_H 1
| #define HAVE_STDLIB_H 1
| #define HAVE_STRING_H 1
| #define HAVE_INTTYPES_H 1
| #define HAVE_STDINT_H 1
| #define HAVE_STRINGS_H 1
| #define HAVE_SYS_STAT_H 1
| #define HAVE_SYS_TYPES_H 1
| #define HAVE_UNISTD_H 1
| #define STDC_HEADERS 1
| #define HAVE_DLFCN_H 1
| #define LT_OBJDIR ".libs/"
| #define SIZEOF_SIZE_T 8
| #define HAVE_SYS_MMAN_H 1
| #define HAVE_MMAP 1
| #define HAVE_MKOSTEMP 1
| #define HAVE_MKSTEMP 1
| #define HAVE_MMAP_FILE 1
| #define HAVE_MMAP_ANON 1
| #define HAVE_MEMCPY 1
| /* end confdefs.h.  */
| #include <stddef.h>
| #ifdef HAVE_STDIO_H
| # include <stdio.h>
| #endif
| #ifdef HAVE_STDLIB_H
| # include <stdlib.h>
| #endif
| #ifdef HAVE_STRING_H
| # include <string.h>
| #endif
| #ifdef HAVE_INTTYPES_H
| # include <inttypes.h>
| #endif
| #ifdef HAVE_STDINT_H
| # include <stdint.h>
| #endif
| #ifdef HAVE_STRINGS_H
| # include <strings.h>
| #endif
| #ifdef HAVE_SYS_TYPES_H
| # include <sys/types.h>
| #endif
| #ifdef HAVE_SYS_STAT_H
| # include <sys/stat.h>
| #endif
| #ifdef HAVE_UNISTD_H
| # include <unistd.h>
| #endif
| int
| main (void)
| {
| if (sizeof ((size_t)))
| 	    return 0;
|   ;
|   return 0;
| }
configure:18959: result: yes
configure:18971: checking for working alloca.h
configure:18989: clang -o conftest -Wall -w -fexceptions -I/opt/homebrew/opt/llvm/include -L/opt/homebrew/opt/llvm/lib conftest.c  >&5
configure:18989: $? = 0
configure:18998: result: yes
configure:19006: checking for alloca
configure:19051: result: yes
configure:19123: checking size of double
configure:19129: clang -o conftest -Wall -w -fexceptions -I/opt/homebrew/opt/llvm/include -L/opt/homebrew/opt/llvm/lib conftest.c  >&5
configure:19129: $? = 0
configure:19129: ./conftest
configure:19129: $? = 0
configure:19144: result: 8
configure:19156: checking size of long double
configure:19162: clang -o conftest -Wall -w -fexceptions -I/opt/homebrew/opt/llvm/include -L/opt/homebrew/opt/llvm/lib conftest.c  >&5
configure:19162: $? = 0
configure:19162: ./conftest
configure:19162: $? = 0
configure:19177: result: 8
configure:19208: checking whether byte ordering is bigendian
configure:19224: clang -c -Wall -w -fexceptions -I/opt/homebrew/opt/llvm/include conftest.c >&5
configure:19224: $? = 0
configure:19270: clang -c -Wall -w -fexceptions -I/opt/homebrew/opt/llvm/include conftest.c >&5
configure:19270: $? = 0
configure:19289: clang -c -Wall -w -fexceptions -I/opt/homebrew/opt/llvm/include conftest.c >&5
conftest.c:42:4: error: use of undeclared identifier 'not'
                 not big endian
                 ^
1 error generated.
configure:19289: $? = 1
configure: failed program was:
| /* confdefs.h */
| #define PACKAGE_NAME "libffi"
| #define PACKAGE_TARNAME "libffi"
| #define PACKAGE_VERSION "3.4.4"
| #define PACKAGE_STRING "libffi 3.4.4"
| #define PACKAGE_BUGREPORT "http://github.com/libffi/libffi/issues"
| #define PACKAGE_URL ""
| #define PACKAGE "libffi"
| #define VERSION "3.4.4"
| #define HAVE_STDIO_H 1
| #define HAVE_STDLIB_H 1
| #define HAVE_STRING_H 1
| #define HAVE_INTTYPES_H 1
| #define HAVE_STDINT_H 1
| #define HAVE_STRINGS_H 1
| #define HAVE_SYS_STAT_H 1
| #define HAVE_SYS_TYPES_H 1
| #define HAVE_UNISTD_H 1
| #define STDC_HEADERS 1
| #define HAVE_DLFCN_H 1
| #define LT_OBJDIR ".libs/"
| #define SIZEOF_SIZE_T 8
| #define HAVE_SYS_MMAN_H 1
| #define HAVE_MMAP 1
| #define HAVE_MKOSTEMP 1
| #define HAVE_MKSTEMP 1
| #define HAVE_MMAP_FILE 1
| #define HAVE_MMAP_ANON 1
| #define HAVE_MEMCPY 1
| #define HAVE_ALLOCA_H 1
| #define HAVE_ALLOCA 1
| #define SIZEOF_DOUBLE 8
| #define SIZEOF_LONG_DOUBLE 8
| /* end confdefs.h.  */
| #include <sys/types.h>
| 		#include <sys/param.h>
| 
| int
| main (void)
| {
| #if BYTE_ORDER != BIG_ENDIAN
| 		 not big endian
| 		#endif
| 
|   ;
|   return 0;
| }
configure:19423: result: no
configure:19442: checking assembler .cfi pseudo-op support
configure:19461: clang -c -Wall -w -fexceptions -I/opt/homebrew/opt/llvm/include conftest.c >&5
configure:19461: $? = 0
configure:19470: result: yes
configure:19611: checking whether compiler supports pointer authentication
configure:19640: clang -c -Wall -w -fexceptions -I/opt/homebrew/opt/llvm/include conftest.c >&5
conftest.c:48:3: error: Pointer authentication not supported
# error Pointer authentication not supported
  ^
1 error generated.
configure:19640: $? = 1
configure: failed program was:
| /* confdefs.h */
| #define PACKAGE_NAME "libffi"
| #define PACKAGE_TARNAME "libffi"
| #define PACKAGE_VERSION "3.4.4"
| #define PACKAGE_STRING "libffi 3.4.4"
| #define PACKAGE_BUGREPORT "http://github.com/libffi/libffi/issues"
| #define PACKAGE_URL ""
| #define PACKAGE "libffi"
| #define VERSION "3.4.4"
| #define HAVE_STDIO_H 1
| #define HAVE_STDLIB_H 1
| #define HAVE_STRING_H 1
| #define HAVE_INTTYPES_H 1
| #define HAVE_STDINT_H 1
| #define HAVE_STRINGS_H 1
| #define HAVE_SYS_STAT_H 1
| #define HAVE_SYS_TYPES_H 1
| #define HAVE_UNISTD_H 1
| #define STDC_HEADERS 1
| #define HAVE_DLFCN_H 1
| #define LT_OBJDIR ".libs/"
| #define SIZEOF_SIZE_T 8
| #define HAVE_SYS_MMAN_H 1
| #define HAVE_MMAP 1
| #define HAVE_MKOSTEMP 1
| #define HAVE_MKSTEMP 1
| #define HAVE_MMAP_FILE 1
| #define HAVE_MMAP_ANON 1
| #define HAVE_MEMCPY 1
| #define HAVE_ALLOCA_H 1
| #define HAVE_ALLOCA 1
| #define SIZEOF_DOUBLE 8
| #define SIZEOF_LONG_DOUBLE 8
| #define HAVE_AS_CFI_PSEUDO_OP 1
| /* end confdefs.h.  */
| 
| int
| main (void)
| {
| 
| #ifdef __clang__
| # if __has_feature(ptrauth_calls)
| #  define HAVE_PTRAUTH 1
| # endif
| #endif
| 
| #ifndef HAVE_PTRAUTH
| # error Pointer authentication not supported
| #endif
| 
|   ;
|   return 0;
| }
configure:19649: result: no
configure:19675: checking for _ prefix in compiled symbols
configure:19686: clang -c -Wall -w -fexceptions -I/opt/homebrew/opt/llvm/include conftest.c >&5
configure:19689: $? = 0
configure:19693: nm conftest.o \| /usr/bin/sed -n -e 's/^.*[	 ]\([ABCDGIRSTW][ABCDGIRSTW]*\)[	 ][	 ]*_\([_A-Za-z][_A-Za-z0-9]*\)$/\1 _\2 \2/p' | /usr/bin/sed '/ __gnu_lto/d' \> conftest.nm
configure:19696: $? = 0
configure:19718: result: yes
configure:19794: checking whether C compiler accepts -fno-lto
configure:19814: clang -c -Wall -w -fexceptions  -fno-lto -I/opt/homebrew/opt/llvm/include conftest.c >&5
configure:19814: $? = 0
configure:19823: result: yes
configure:19833: checking whether .eh_frame section should be read-only
configure:19850: result: yes
configure:19865: checking for __attribute__((visibility("hidden")))
configure:19875: clang -Werror -S conftest.c -o conftest.s 1>&5
configure:19878: $? = 0
configure:19887: result: yes
configure:20365: versioning on shared library symbols is no
configure:20486: checking that generated files are newer than configure
configure:20492: result: done
configure:20560: creating ./config.status

## ---------------------- ##
## Running config.status. ##
## ---------------------- ##

This file was extended by libffi config.status 3.4.4, which was
generated by GNU Autoconf 2.71.  Invocation command line was

  CONFIG_FILES    = 
  CONFIG_HEADERS  = 
  CONFIG_LINKS    = 
  CONFIG_COMMANDS = 
  $ ./config.status 

on Djs-MacBook-Pro.local

config.status:1222: creating include/Makefile
config.status:1222: creating include/ffi.h
config.status:1222: creating Makefile
config.status:1222: creating testsuite/Makefile
config.status:1222: creating man/Makefile
config.status:1222: creating doc/Makefile
config.status:1222: creating libffi.pc
config.status:1222: creating fficonfig.h
config.status:1436: executing buildir commands
config.status:1466: create top_srcdir/Makefile guessed from local Makefile
config.status:1581: build in aarch64-apple-darwin (HOST=)
config.status:1436: executing depfiles commands
config.status:1657: cd .       && sed -e '/# am--include-marker/d' Makefile         | make -f - am--depfiles
config.status:1662: $? = 0
config.status:1436: executing libtool commands
config.status:1436: executing include commands
config.status:1436: executing src commands

## ---------------- ##
## Cache variables. ##
## ---------------- ##

ac_cv_build=aarch64-apple-darwin22.5.0
ac_cv_c_bigendian=no
ac_cv_c_compiler_gnu=yes
ac_cv_cflags_warn_all=-Wall
ac_cv_cxx_compiler_gnu=yes
ac_cv_decl_map_anon=yes
ac_cv_env_CCASFLAGS_set=
ac_cv_env_CCASFLAGS_value=
ac_cv_env_CCAS_set=
ac_cv_env_CCAS_value=
ac_cv_env_CPPFLAGS_set=set
ac_cv_env_CPPFLAGS_value=-I/opt/homebrew/opt/llvm/include
ac_cv_env_CXXCPP_set=
ac_cv_env_CXXCPP_value=
ac_cv_env_LT_SYS_LIBRARY_PATH_set=
ac_cv_env_LT_SYS_LIBRARY_PATH_value=
ac_cv_env_build_alias_set=
ac_cv_env_build_alias_value=
ac_cv_env_host_alias_set=set
ac_cv_env_host_alias_value=aarch64-apple-darwin
ac_cv_env_target_alias_set=
ac_cv_env_target_alias_value=
ac_cv_func_alloca_works=yes
ac_cv_func_memcpy=yes
ac_cv_func_memfd_create=no
ac_cv_func_mkostemp=yes
ac_cv_func_mkstemp=yes
ac_cv_func_mmap=yes
ac_cv_func_mmap_anon=yes
ac_cv_func_mmap_dev_zero=no
ac_cv_func_mmap_file=yes
ac_cv_header_dlfcn_h=yes
ac_cv_header_inttypes_h=yes
ac_cv_header_stdint_h=yes
ac_cv_header_stdio_h=yes
ac_cv_header_stdlib_h=yes
ac_cv_header_string_h=yes
ac_cv_header_strings_h=yes
ac_cv_header_sys_memfd_h=no
ac_cv_header_sys_mman_h=yes
ac_cv_header_sys_stat_h=yes
ac_cv_header_sys_types_h=yes
ac_cv_header_unistd_h=yes
ac_cv_host=aarch64-apple-darwin
ac_cv_objext=o
ac_cv_path_EGREP='/usr/bin/grep -E'
ac_cv_path_FGREP='/usr/bin/grep -F'
ac_cv_path_GREP=/usr/bin/grep
ac_cv_path_SED=/usr/bin/sed
ac_cv_path_ax_enable_builddir_sed=sed
ac_cv_path_install='/usr/bin/install -c'
ac_cv_path_lt_DD=/bin/dd
ac_cv_prog_AWK=awk
ac_cv_prog_CC=clang
ac_cv_prog_CXXCPP='g++ -E'
ac_cv_prog_STRIP=strip
ac_cv_prog_ac_ct_AR=ar
ac_cv_prog_ac_ct_CXX=g++
ac_cv_prog_ac_ct_DSYMUTIL=dsymutil
ac_cv_prog_ac_ct_DUMPBIN='link -dump'
ac_cv_prog_ac_ct_FILECMD=file
ac_cv_prog_ac_ct_LIPO=lipo
ac_cv_prog_ac_ct_NMEDIT=nmedit
ac_cv_prog_ac_ct_OBJDUMP=objdump
ac_cv_prog_ac_ct_OTOOL=otool
ac_cv_prog_ac_ct_RANLIB=ranlib
ac_cv_prog_ac_ct_STRIP=strip
ac_cv_prog_cc_c11=
ac_cv_prog_cc_g=yes
ac_cv_prog_cc_stdc=
ac_cv_prog_cxx_11=no
ac_cv_prog_cxx_g=yes
ac_cv_prog_cxx_stdcxx=
ac_cv_prog_make_make_set=yes
ac_cv_sizeof_double=8
ac_cv_sizeof_long_double=8
ac_cv_sizeof_size_t=8
ac_cv_target=aarch64-apple-darwin
ac_cv_type_size_t=yes
ac_cv_working_alloca_h=yes
am_cv_CCAS_dependencies_compiler_type=gcc3
am_cv_CC_dependencies_compiler_type=gcc3
am_cv_CXX_dependencies_compiler_type=gcc3
am_cv_make_support_nested_variables=yes
am_cv_prog_cc_c_o=yes
ax_cv_c_compiler_vendor=clang
ax_cv_check_cflags___fno_lto=yes
gcc_cv_as_cfi_pseudo_op=yes
libffi_cv_as_ptrauth=no
libffi_cv_hidden_visibility_attribute=yes
libffi_cv_no_lto=-fno-lto
libffi_cv_ro_eh_frame=yes
lt_cv_apple_cc_single_mod=yes
lt_cv_ar_at_file=no
lt_cv_deplibs_check_method=pass_all
lt_cv_file_magic_cmd='$MAGIC_CMD'
lt_cv_file_magic_test_file=
lt_cv_ld_exported_symbols_list=yes
lt_cv_ld_force_load=yes
lt_cv_ld_reload_flag=-r
lt_cv_nm_interface='BSD nm'
lt_cv_objdir=.libs
lt_cv_path_LD=/usr/bin/ld
lt_cv_path_LDCXX=/usr/bin/ld
lt_cv_path_NM=no
lt_cv_path_mainfest_tool=no
lt_cv_prog_compiler_c_o=yes
lt_cv_prog_compiler_c_o_CXX=yes
lt_cv_prog_compiler_pic='-fno-common -DPIC'
lt_cv_prog_compiler_pic_CXX='-fno-common -DPIC'
lt_cv_prog_compiler_pic_works=yes
lt_cv_prog_compiler_pic_works_CXX=yes
lt_cv_prog_compiler_rtti_exceptions=yes
lt_cv_prog_compiler_static_works=no
lt_cv_prog_compiler_static_works_CXX=no
lt_cv_prog_gnu_ld=no
lt_cv_prog_gnu_ldcxx=no
lt_cv_sharedlib_from_linklib_cmd='printf %s\n'
lt_cv_sys_global_symbol_pipe='/usr/bin/sed -n -e '\''s/^.*[	 ]\([ABCDGIRSTW][ABCDGIRSTW]*\)[	 ][	 ]*_\([_A-Za-z][_A-Za-z0-9]*\)$/\1 _\2 \2/p'\'' | /usr/bin/sed '\''/ __gnu_lto/d'\'''
lt_cv_sys_global_symbol_to_c_name_address='/usr/bin/sed -n -e '\''s/^: \(.*\) .*$/  {"\1", (void *) 0},/p'\'' -e '\''s/^[ABCDGIRSTW][ABCDGIRSTW]* .* \(.*\)$/  {"\1", (void *) \&\1},/p'\'''
lt_cv_sys_global_symbol_to_c_name_address_lib_prefix='/usr/bin/sed -n -e '\''s/^: \(.*\) .*$/  {"\1", (void *) 0},/p'\'' -e '\''s/^[ABCDGIRSTW][ABCDGIRSTW]* .* \(lib.*\)$/  {"\1", (void *) \&\1},/p'\'' -e '\''s/^[ABCDGIRSTW][ABCDGIRSTW]* .* \(.*\)$/  {"lib\1", (void *) \&\1},/p'\'''
lt_cv_sys_global_symbol_to_cdecl='/usr/bin/sed -n -e '\''s/^T .* \(.*\)$/extern int \1();/p'\'' -e '\''s/^[ABCDGIRSTW][ABCDGIRSTW]* .* \(.*\)$/extern char \1;/p'\'''
lt_cv_sys_global_symbol_to_import=
lt_cv_sys_max_cmd_len=786432
lt_cv_sys_symbol_underscore=yes
lt_cv_to_host_file_cmd=func_convert_file_noop
lt_cv_to_tool_file_cmd=func_convert_file_noop
lt_cv_truncate_bin='/bin/dd bs=4096 count=1'

## ----------------- ##
## Output variables. ##
## ----------------- ##

ACLOCAL='${SHELL} '\''/Users/dj/Projects/objc/libffi/missing'\'' aclocal-1.16'
ALLOCA=''
AMDEPBACKSLASH='\'
AMDEP_FALSE='#'
AMDEP_TRUE=''
AMTAR='$${TAR-tar}'
AM_BACKSLASH='\'
AM_DEFAULT_V='$(AM_DEFAULT_VERBOSITY)'
AM_DEFAULT_VERBOSITY='1'
AM_LTLDFLAGS=''
AM_RUNTESTFLAGS=''
AM_V='$(V)'
AR='ar'
AUTOCONF='${SHELL} '\''/Users/dj/Projects/objc/libffi/missing'\'' autoconf'
AUTOHEADER='${SHELL} '\''/Users/dj/Projects/objc/libffi/missing'\'' autoheader'
AUTOMAKE='${SHELL} '\''/Users/dj/Projects/objc/libffi/missing'\'' automake-1.16'
AWK='awk'
BUILD_DOCS_FALSE=''
BUILD_DOCS_TRUE='#'
CC='clang'
CCAS='clang'
CCASDEPMODE='depmode=gcc3'
CCASFLAGS='-w'
CCDEPMODE='depmode=gcc3'
CFLAGS='-Wall -w -fexceptions'
CPPFLAGS='-I/opt/homebrew/opt/llvm/include'
CSCOPE='cscope'
CTAGS='ctags'
CXX='g++'
CXXCPP='g++ -E'
CXXDEPMODE='depmode=gcc3'
CXXFLAGS='-g -O2'
CYGPATH_W='echo'
DEFS='-DHAVE_CONFIG_H'
DEPDIR='.deps'
DLLTOOL='false'
DSYMUTIL='dsymutil'
DUMPBIN=':'
ECHO_C='\c'
ECHO_N=''
ECHO_T=''
EGREP='/usr/bin/grep -E'
ETAGS='etags'
EXEEXT=''
FFI_DEBUG_FALSE=''
FFI_DEBUG_TRUE='#'
FFI_EXEC_TRAMPOLINE_TABLE='1'
FFI_EXEC_TRAMPOLINE_TABLE_FALSE='#'
FFI_EXEC_TRAMPOLINE_TABLE_TRUE=''
FGREP='/usr/bin/grep -F'
FILECMD='file'
GREP='/usr/bin/grep'
HAVE_LONG_DOUBLE='0'
HAVE_LONG_DOUBLE_VARIANT='0'
INSTALL_DATA='${INSTALL} -m 644'
INSTALL_PROGRAM='${INSTALL}'
INSTALL_SCRIPT='${INSTALL}'
INSTALL_STRIP_PROGRAM='$(install_sh) -c -s'
LD='/usr/bin/ld'
LDFLAGS='-L/opt/homebrew/opt/llvm/lib'
LIBFFI_BUILD_VERSIONED_SHLIB_FALSE=''
LIBFFI_BUILD_VERSIONED_SHLIB_GNU_FALSE=''
LIBFFI_BUILD_VERSIONED_SHLIB_GNU_TRUE='#'
LIBFFI_BUILD_VERSIONED_SHLIB_SUN_FALSE=''
LIBFFI_BUILD_VERSIONED_SHLIB_SUN_TRUE='#'
LIBFFI_BUILD_VERSIONED_SHLIB_TRUE='#'
LIBOBJS=''
LIBS=''
LIBTOOL='$(SHELL) $(top_builddir)/libtool'
LIPO='lipo'
LN_S='ln -s'
LTLIBOBJS=''
LT_SYS_LIBRARY_PATH=''
MAINT='#'
MAINTAINER_MODE_FALSE=''
MAINTAINER_MODE_TRUE='#'
MAKEINFO='${SHELL} '\''/Users/dj/Projects/objc/libffi/missing'\'' makeinfo'
MANIFEST_TOOL=':'
MKDIR_P='../install-sh -c -d'
NM='nm'
NMEDIT='nmedit'
OBJDUMP='objdump'
OBJEXT='o'
OPT_LDFLAGS=''
OTOOL64=':'
OTOOL='otool'
PACKAGE='libffi'
PACKAGE_BUGREPORT='http://github.com/libffi/libffi/issues'
PACKAGE_NAME='libffi'
PACKAGE_STRING='libffi 3.4.4'
PACKAGE_TARNAME='libffi'
PACKAGE_URL=''
PACKAGE_VERSION='3.4.4'
PATH_SEPARATOR=':'
PRTDIAG=''
RANLIB='ranlib'
READELF=''
SECTION_LDFLAGS=''
SED='/usr/bin/sed'
SET_MAKE=''
SHELL='/bin/sh'
STRIP='strip'
TARGET='AARCH64'
TARGETDIR='aarch64'
TARGET_OBJ=' src/aarch64/ffi.lo src/aarch64/sysv.lo'
TESTSUBDIR_FALSE='#'
TESTSUBDIR_TRUE=''
VERSION='3.4.4'
ac_ct_AR='ar'
ac_ct_CC=''
ac_ct_CXX='g++'
ac_ct_DUMPBIN='link -dump'
am__EXEEXT_FALSE=''
am__EXEEXT_TRUE='#'
am__fastdepCCAS_FALSE='#'
am__fastdepCCAS_TRUE=''
am__fastdepCC_FALSE='#'
am__fastdepCC_TRUE=''
am__fastdepCXX_FALSE='#'
am__fastdepCXX_TRUE=''
am__include='include'
am__isrc=' -I$(srcdir)'
am__leading_dot='.'
am__nodep='_no'
am__quote=''
am__tar='$${TAR-tar} chof - "$$tardir"'
am__untar='$${TAR-tar} xf -'
ax_enable_builddir_sed='sed'
bindir='${exec_prefix}/bin'
build='aarch64-apple-darwin22.5.0'
build_alias=''
build_cpu='aarch64'
build_os='darwin22.5.0'
build_vendor='apple'
datadir='${datarootdir}'
datarootdir='${prefix}/share'
docdir='${datarootdir}/doc/${PACKAGE_TARNAME}'
dvidir='${docdir}'
exec_prefix='${prefix}'
host='aarch64-apple-darwin'
host_alias='aarch64-apple-darwin'
host_cpu='aarch64'
host_os='darwin'
host_vendor='apple'
htmldir='${docdir}'
includedir='${prefix}/include'
infodir='${datarootdir}/info'
install_sh='${SHELL} /Users/dj/Projects/objc/libffi/install-sh'
libdir='${exec_prefix}/lib'
libexecdir='${exec_prefix}/libexec'
localedir='${datarootdir}/locale'
localstatedir='${prefix}/var'
mandir='${datarootdir}/man'
mkdir_p='$(MKDIR_P)'
oldincludedir='/usr/include'
pdfdir='${docdir}'
prefix='/Users/dj/Projects/objc/libffi/build'
program_transform_name='s,x,x,'
psdir='${docdir}'
runstatedir='${localstatedir}/run'
sbindir='${exec_prefix}/sbin'
sharedstatedir='${prefix}/com'
sys_symbol_underscore='yes'
sysconfdir='${prefix}/etc'
target='aarch64-apple-darwin'
target_alias='aarch64-apple-darwin'
target_cpu='aarch64'
target_os='darwin'
target_vendor='apple'
tmake_file=''
toolexecdir='${libdir}/gcc-lib/$(target_alias)'
toolexeclibdir='${libdir}'

## ----------- ##
## confdefs.h. ##
## ----------- ##

/* confdefs.h */
#define PACKAGE_NAME "libffi"
#define PACKAGE_TARNAME "libffi"
#define PACKAGE_VERSION "3.4.4"
#define PACKAGE_STRING "libffi 3.4.4"
#define PACKAGE_BUGREPORT "http://github.com/libffi/libffi/issues"
#define PACKAGE_URL ""
#define PACKAGE "libffi"
#define VERSION "3.4.4"
#define HAVE_STDIO_H 1
#define HAVE_STDLIB_H 1
#define HAVE_STRING_H 1
#define HAVE_INTTYPES_H 1
#define HAVE_STDINT_H 1
#define HAVE_STRINGS_H 1
#define HAVE_SYS_STAT_H 1
#define HAVE_SYS_TYPES_H 1
#define HAVE_UNISTD_H 1
#define STDC_HEADERS 1
#define HAVE_DLFCN_H 1
#define LT_OBJDIR ".libs/"
#define SIZEOF_SIZE_T 8
#define HAVE_SYS_MMAN_H 1
#define HAVE_MMAP 1
#define HAVE_MKOSTEMP 1
#define HAVE_MKSTEMP 1
#define HAVE_MMAP_FILE 1
#define HAVE_MMAP_ANON 1
#define HAVE_MEMCPY 1
#define HAVE_ALLOCA_H 1
#define HAVE_ALLOCA 1
#define SIZEOF_DOUBLE 8
#define SIZEOF_LONG_DOUBLE 8
#define HAVE_AS_CFI_PSEUDO_OP 1
#define SYMBOL_UNDERSCORE 1
#define FFI_EXEC_TRAMPOLINE_TABLE 1
#define HAVE_RO_EH_FRAME 1
#define EH_FRAME_FLAGS "a"
#define HAVE_HIDDEN_VISIBILITY_ATTRIBUTE 1

configure: exit 0

## ---------------- ##
## Cache variables. ##
## ---------------- ##

ac_cv_build=aarch64-apple-darwin22.5.0
ac_cv_env_CCASFLAGS_set=
ac_cv_env_CCASFLAGS_value=
ac_cv_env_CCAS_set=
ac_cv_env_CCAS_value=
ac_cv_env_CPPFLAGS_set=set
ac_cv_env_CPPFLAGS_value=-I/opt/homebrew/opt/llvm/include
ac_cv_env_CXXCPP_set=
ac_cv_env_CXXCPP_value=
ac_cv_env_LT_SYS_LIBRARY_PATH_set=
ac_cv_env_LT_SYS_LIBRARY_PATH_value=
ac_cv_env_build_alias_set=
ac_cv_env_build_alias_value=
ac_cv_env_host_alias_set=set
ac_cv_env_host_alias_value=aarch64-apple-darwin
ac_cv_env_target_alias_set=
ac_cv_env_target_alias_value=
ac_cv_host=aarch64-apple-darwin
ac_cv_target=aarch64-apple-darwin

## ----------------- ##
## Output variables. ##
## ----------------- ##

ACLOCAL=''
ALLOCA=''
AMDEPBACKSLASH=''
AMDEP_FALSE=''
AMDEP_TRUE=''
AMTAR=''
AM_BACKSLASH=''
AM_DEFAULT_V=''
AM_DEFAULT_VERBOSITY=''
AM_LTLDFLAGS=''
AM_RUNTESTFLAGS=''
AM_V=''
AR=''
AUTOCONF=''
AUTOHEADER=''
AUTOMAKE=''
AWK=''
BUILD_DOCS_FALSE=''
BUILD_DOCS_TRUE=''
CC='clang'
CCAS=''
CCASDEPMODE=''
CCASFLAGS=''
CCDEPMODE=''
CFLAGS='-w'
CPPFLAGS='-I/opt/homebrew/opt/llvm/include'
CSCOPE=''
CTAGS=''
CXX=''
CXXCPP=''
CXXDEPMODE=''
CXXFLAGS=''
CYGPATH_W=''
DEFS=''
DEPDIR=''
DLLTOOL=''
DSYMUTIL=''
DUMPBIN=''
ECHO_C='\c'
ECHO_N=''
ECHO_T=''
EGREP=''
ETAGS=''
EXEEXT=''
FFI_DEBUG_FALSE=''
FFI_DEBUG_TRUE=''
FFI_EXEC_TRAMPOLINE_TABLE=''
FFI_EXEC_TRAMPOLINE_TABLE_FALSE=''
FFI_EXEC_TRAMPOLINE_TABLE_TRUE=''
FGREP=''
FILECMD=''
GREP=''
HAVE_LONG_DOUBLE=''
HAVE_LONG_DOUBLE_VARIANT=''
INSTALL_DATA=''
INSTALL_PROGRAM=''
INSTALL_SCRIPT=''
INSTALL_STRIP_PROGRAM=''
LD=''
LDFLAGS='-L/opt/homebrew/opt/llvm/lib'
LIBFFI_BUILD_VERSIONED_SHLIB_FALSE=''
LIBFFI_BUILD_VERSIONED_SHLIB_GNU_FALSE=''
LIBFFI_BUILD_VERSIONED_SHLIB_GNU_TRUE=''
LIBFFI_BUILD_VERSIONED_SHLIB_SUN_FALSE=''
LIBFFI_BUILD_VERSIONED_SHLIB_SUN_TRUE=''
LIBFFI_BUILD_VERSIONED_SHLIB_TRUE=''
LIBOBJS=''
LIBS=''
LIBTOOL=''
LIPO=''
LN_S=''
LTLIBOBJS=''
LT_SYS_LIBRARY_PATH=''
MAINT=''
MAINTAINER_MODE_FALSE=''
MAINTAINER_MODE_TRUE=''
MAKEINFO=''
MANIFEST_TOOL=''
MKDIR_P=''
NM=''
NMEDIT=''
OBJDUMP=''
OBJEXT=''
OPT_LDFLAGS=''
OTOOL64=''
OTOOL=''
PACKAGE=''
PACKAGE_BUGREPORT='http://github.com/libffi/libffi/issues'
PACKAGE_NAME='libffi'
PACKAGE_STRING='libffi 3.4.4'
PACKAGE_TARNAME='libffi'
PACKAGE_URL=''
PACKAGE_VERSION='3.4.4'
PATH_SEPARATOR=':'
PRTDIAG=''
RANLIB=''
READELF=''
SECTION_LDFLAGS=''
SED=''
SET_MAKE=''
SHELL='/bin/sh'
STRIP=''
TARGET='aarch64-apple-darwin'
TARGETDIR=''
TARGET_OBJ=''
TESTSUBDIR_FALSE=''
TESTSUBDIR_TRUE=''
VERSION=''
ac_ct_AR=''
ac_ct_CC=''
ac_ct_CXX=''
ac_ct_DUMPBIN=''
am__EXEEXT_FALSE=''
am__EXEEXT_TRUE=''
am__fastdepCCAS_FALSE=''
am__fastdepCCAS_TRUE=''
am__fastdepCC_FALSE=''
am__fastdepCC_TRUE=''
am__fastdepCXX_FALSE=''
am__fastdepCXX_TRUE=''
am__include=''
am__isrc=''
am__leading_dot=''
am__nodep=''
am__quote=''
am__tar=''
am__untar=''
ax_enable_builddir_sed=''
bindir='${exec_prefix}/bin'
build='aarch64-apple-darwin22.5.0'
build_alias=''
build_cpu='aarch64'
build_os='darwin22.5.0'
build_vendor='apple'
datadir='${datarootdir}'
datarootdir='${prefix}/share'
docdir='${datarootdir}/doc/${PACKAGE_TARNAME}'
dvidir='${docdir}'
exec_prefix='NONE'
host='aarch64-apple-darwin'
host_alias='aarch64-apple-darwin'
host_cpu='aarch64'
host_os='darwin'
host_vendor='apple'
htmldir='${docdir}'
includedir='${prefix}/include'
infodir='${datarootdir}/info'
install_sh=''
libdir='${exec_prefix}/lib'
libexecdir='${exec_prefix}/libexec'
localedir='${datarootdir}/locale'
localstatedir='${prefix}/var'
mandir='${datarootdir}/man'
mkdir_p=''
oldincludedir='/usr/include'
pdfdir='${docdir}'
prefix='/Users/dj/Projects/objc/libffi/build'
program_transform_name='s,x,x,'
psdir='${docdir}'
runstatedir='${localstatedir}/run'
sbindir='${exec_prefix}/sbin'
sharedstatedir='${prefix}/com'
sys_symbol_underscore=''
sysconfdir='${prefix}/etc'
target='aarch64-apple-darwin'
target_alias='aarch64-apple-darwin'
target_cpu='aarch64'
target_os='darwin'
target_vendor='apple'
tmake_file=''
toolexecdir=''
toolexeclibdir=''

configure: exit 0
